\BOOKMARK [1][-]{section.1}{Introduction}{}% 1
\BOOKMARK [1][-]{section.2}{Mining Similar Technology}{}% 2
\BOOKMARK [2][-]{subsection.2.1}{Learning Tag Embeddings}{section.2}% 3
\BOOKMARK [2][-]{subsection.2.2}{Mining Categorical Knowledge}{section.2}% 4
\BOOKMARK [2][-]{subsection.2.3}{Building Similar-technology Knowledge Base}{section.2}% 5
\BOOKMARK [1][-]{section.3}{Mining Comparative Opinions}{}% 6
\BOOKMARK [2][-]{subsection.3.1}{Extracting Comparative Sentences}{section.3}% 7
\BOOKMARK [3][-]{subsubsection.3.1.1}{Preprocessing}{subsection.3.1}% 8
\BOOKMARK [3][-]{subsubsection.3.1.2}{Locating Candidate Sentences}{subsection.3.1}% 9
\BOOKMARK [3][-]{subsubsection.3.1.3}{Selecting Comparative Sentences}{subsection.3.1}% 10
\BOOKMARK [2][-]{subsection.3.2}{Measure Sentence Similarity}{section.3}% 11
\BOOKMARK [2][-]{subsection.3.3}{Clustering Representative Comparison Aspects}{section.3}% 12
\BOOKMARK [1][-]{section.4}{Summarizing Overall Opinion}{}% 13
\BOOKMARK [2][-]{subsection.4.1}{Creating the manual label}{section.4}% 14
\BOOKMARK [2][-]{subsection.4.2}{Constructing the classifier}{section.4}% 15
\BOOKMARK [1][-]{section.5}{Implementation}{}% 16
\BOOKMARK [2][-]{subsection.5.1}{Dataset}{section.5}% 17
\BOOKMARK [2][-]{subsection.5.2}{Tool Support}{section.5}% 18
\BOOKMARK [2][-]{subsection.5.3}{Visitor Analysis}{section.5}% 19
\BOOKMARK [1][-]{section.6}{Experiment}{}% 20
\BOOKMARK [2][-]{subsection.6.1}{Accuracy of Extracting Comparable Technologies}{section.6}% 21
\BOOKMARK [3][-]{subsubsection.6.1.1}{The Accuracy of Tag Category}{subsection.6.1}% 22
\BOOKMARK [3][-]{subsubsection.6.1.2}{The Importance of Tag Category}{subsection.6.1}% 23
\BOOKMARK [3][-]{subsubsection.6.1.3}{The impact of parameters of word embedding}{subsection.6.1}% 24
\BOOKMARK [2][-]{subsection.6.2}{Accuracy and coverage of comparative sentences}{section.6}% 25
\BOOKMARK [2][-]{subsection.6.3}{Accuracy of clustering comparative sentences}{section.6}% 26
\BOOKMARK [3][-]{subsubsection.6.3.1}{Baseline}{subsection.6.3}% 27
\BOOKMARK [3][-]{subsubsection.6.3.2}{Ground Truth}{subsection.6.3}% 28
\BOOKMARK [3][-]{subsubsection.6.3.3}{Evaluation Metrics}{subsection.6.3}% 29
\BOOKMARK [3][-]{subsubsection.6.3.4}{Overall Performance}{subsection.6.3}% 30
\BOOKMARK [2][-]{subsection.6.4}{Accuracy of Opinion Summarization}{section.6}% 31
\BOOKMARK [3][-]{subsubsection.6.4.1}{Baselines}{subsection.6.4}% 32
\BOOKMARK [3][-]{subsubsection.6.4.2}{Ground Truth}{subsection.6.4}% 33
\BOOKMARK [3][-]{subsubsection.6.4.3}{Metrics}{subsection.6.4}% 34
\BOOKMARK [3][-]{subsubsection.6.4.4}{Overall Performance}{subsection.6.4}% 35
\BOOKMARK [1][-]{section.7}{Related Works}{}% 36
\BOOKMARK [1][-]{section.8}{Conclusion and Future Work}{}% 37
\BOOKMARK [1][-]{section*.1}{References}{}% 38
